
> flowdrain-saas@0.0.0 build
> tsc -b && vite build

[36mvite v6.4.1 [32mbuilding for production...[36m[39m
transforming...
[32m✓[39m 3 modules transformed.

PWA v0.21.2
mode      generateSW
precache  1 entries (0.00 KiB)
files generated
  dist/sw.js
  dist/workbox-8c29f6e4.js
warnings
  One of the glob patterns doesn't match any files. Please remove or fix the following: {
  "globDirectory": "C:\\Users\\pedro\\NovoApp\\dist",
  "globPattern": "**/*.{js,wasm,css,html}",
  "globIgnores": [
    "**/node_modules/**/*",
    "sw.js",
    "workbox-*.js"
  ]
}

[31m✗[39m Build failed in 2.29s
[31merror during build:
[31m[vite-plugin-pwa:build] [plugin vite-plugin-pwa:build] src/index.css: There was an error during the build:
  Failed to load PostCSS config (searchPath: C:/Users/pedro/NovoApp): [SyntaxError] Invalid or unexpected token
SyntaxError: Invalid or unexpected token
    at compileSourceTextModule (node:internal/modules/esm/utils:318:16)
    at ModuleLoader.moduleStrategy (node:internal/modules/esm/translators:111:18)
    at #translate (node:internal/modules/esm/loader:473:20)
    at afterLoad (node:internal/modules/esm/loader:529:29)
    at ModuleLoader.loadAndTranslate (node:internal/modules/esm/loader:534:12)
    at #getOrCreateModuleJobAfterResolve (node:internal/modules/esm/loader:571:36)
    at afterResolve (node:internal/modules/esm/loader:624:52)
    at ModuleLoader.getOrCreateModuleJob (node:internal/modules/esm/loader:630:12)
    at onImport.tracePromise.__proto__ (node:internal/modules/esm/loader:649:32)
    at TracingChannel.tracePromise (node:diagnostics_channel:350:14)
Additionally, handling the error in the 'buildEnd' hook caused the following error:
  Failed to load PostCSS config (searchPath: C:/Users/pedro/NovoApp): [SyntaxError] Invalid or unexpected token
SyntaxError: Invalid or unexpected token
    at compileSourceTextModule (node:internal/modules/esm/utils:318:16)
    at ModuleLoader.moduleStrategy (node:internal/modules/esm/translators:111:18)
    at #translate (node:internal/modules/esm/loader:473:20)
    at afterLoad (node:internal/modules/esm/loader:529:29)
    at ModuleLoader.loadAndTranslate (node:internal/modules/esm/loader:534:12)
    at #getOrCreateModuleJobAfterResolve (node:internal/modules/esm/loader:571:36)
    at afterResolve (node:internal/modules/esm/loader:624:52)
    at ModuleLoader.getOrCreateModuleJob (node:internal/modules/esm/loader:630:12)
    at onImport.tracePromise.__proto__ (node:internal/modules/esm/loader:649:32)
    at TracingChannel.tracePromise (node:diagnostics_channel:350:14)[31m
file: [36mC:/Users/pedro/NovoApp/src/index.css[31m
    at getRollupError (file:///C:/Users/pedro/NovoApp/node_modules/rollup/dist/es/shared/parseAst.js:401:41)
    at file:///C:/Users/pedro/NovoApp/node_modules/rollup/dist/es/shared/node-entry.js:23418:39
    at async catchUnfinishedHookActions (file:///C:/Users/pedro/NovoApp/node_modules/rollup/dist/es/shared/node-entry.js:22876:16)
    at async rollupInternal (file:///C:/Users/pedro/NovoApp/node_modules/rollup/dist/es/shared/node-entry.js:23401:5)
    at async buildEnvironment (file:///C:/Users/pedro/NovoApp/node_modules/vite/dist/node/chunks/dep-D4NMHUTW.js:46235:14)
    at async Object.defaultBuildApp [as buildApp] (file:///C:/Users/pedro/NovoApp/node_modules/vite/dist/node/chunks/dep-D4NMHUTW.js:46713:5)
    at async CAC.<anonymous> (file:///C:/Users/pedro/NovoApp/node_modules/vite/dist/node/cli.js:863:7)[39m
